[INFO] Scanning for projects...
[INFO]                                                                         
[INFO] ------------------------------------------------------------------------
[INFO] Building OASIS Datacore REST Client 1.0-SNAPSHOT
[INFO] ------------------------------------------------------------------------
[INFO] 
[INFO] --- maven-resources-plugin:2.5:resources (default-resources) @ oasis-datacore-rest-cxf ---
[debug] execute contextualize
[INFO] Using 'UTF-8' encoding to copy filtered resources.
[INFO] Copying 5 resources
[INFO] 
[INFO] --- maven-compiler-plugin:3.1:compile (default-compile) @ oasis-datacore-rest-cxf ---
[INFO] Nothing to compile - all classes are up to date
[INFO] 
[INFO] --- maven-resources-plugin:2.5:testResources (default-testResources) @ oasis-datacore-rest-cxf ---
[debug] execute contextualize
[INFO] Using 'UTF-8' encoding to copy filtered resources.
[INFO] Copying 3 resources
[INFO] 
[INFO] --- maven-compiler-plugin:3.1:testCompile (default-testCompile) @ oasis-datacore-rest-cxf ---
[INFO] Nothing to compile - all classes are up to date
[INFO] 
[INFO] --- maven-surefire-plugin:2.10:test (default-test) @ oasis-datacore-rest-cxf ---
[INFO] Tests are skipped.
[INFO] 
[INFO] --- maven-dependency-plugin:2.1:tree (default-cli) @ oasis-datacore-rest-cxf ---
[INFO] org.oasis.datacore:oasis-datacore-rest-cxf:jar:1.0-SNAPSHOT
[INFO] +- org.oasis.datacore:oasis-datacore-common:jar:1.0-SNAPSHOT:compile
[INFO] +- org.oasis.datacore:oasis-datacore-rest-api:jar:1.0-SNAPSHOT:compile
[INFO] |  +- com.fasterxml.jackson.jaxrs:jackson-jaxrs-json-provider:jar:2.2.3:compile
[INFO] |  |  +- com.fasterxml.jackson.jaxrs:jackson-jaxrs-base:jar:2.2.3:compile
[INFO] |  |  +- com.fasterxml.jackson.core:jackson-core:jar:2.2.3:compile
[INFO] |  |  +- com.fasterxml.jackson.core:jackson-databind:jar:2.2.3:compile
[INFO] |  |  |  \- com.fasterxml.jackson.core:jackson-annotations:jar:2.2.3:compile
[INFO] |  |  \- com.fasterxml.jackson.module:jackson-module-jaxb-annotations:jar:2.2.3:compile
[INFO] |  +- javax.ws.rs:javax.ws.rs-api:jar:2.0-m10:compile
[INFO] |  +- com.fasterxml.jackson.datatype:jackson-datatype-joda:jar:2.2.3:compile
[INFO] |  |  \- joda-time:joda-time:jar:2.1:compile
[INFO] |  +- com.wordnik:swagger-annotations:jar:1.3.12:compile
[INFO] |  +- com.google.guava:guava:jar:14.0.1:compile
[INFO] |  +- commons-lang:commons-lang:jar:2.6:compile
[INFO] |  \- com.github.jsonld-java:jsonld-java:jar:0.4:compile
[INFO] |     +- org.apache.httpcomponents:httpclient:jar:4.2.5:compile
[INFO] |     |  +- org.apache.httpcomponents:httpcore:jar:4.2.4:compile
[INFO] |     |  \- commons-codec:commons-codec:jar:1.6:compile
[INFO] |     \- org.apache.httpcomponents:httpclient-cache:jar:4.2.5:compile
[INFO] +- org.springframework:spring-core:jar:3.2.10.RELEASE:compile
[INFO] |  \- commons-logging:commons-logging:jar:1.1.3:compile
[INFO] +- org.springframework:spring-context:jar:3.2.10.RELEASE:compile
[INFO] |  +- org.springframework:spring-aop:jar:3.2.10.RELEASE:compile
[INFO] |  |  \- aopalliance:aopalliance:jar:1.0:compile
[INFO] |  +- org.springframework:spring-beans:jar:3.2.10.RELEASE:compile
[INFO] |  \- org.springframework:spring-expression:jar:3.2.10.RELEASE:compile
[INFO] +- org.springframework:spring-context-support:jar:3.2.10.RELEASE:compile
[INFO] +- org.springframework:spring-test:jar:3.2.10.RELEASE:test
[INFO] +- org.mitre:openid-connect-client:jar:1.1.0:compile
[INFO] |  \- org.mitre:openid-connect-common:jar:1.1.0:compile
[INFO] |     +- org.springframework:spring-webmvc:jar:3.2.10.RELEASE:compile (version managed from 3.2.3.RELEASE)
[INFO] |     |  \- org.springframework:spring-web:jar:3.2.10.RELEASE:compile
[INFO] |     +- org.springframework.security:spring-security-core:jar:3.1.4.RELEASE:compile
[INFO] |     +- org.springframework.security.oauth:spring-security-oauth2:jar:1.0.5.RELEASE:compile (version managed from 2.0.0.M2)
[INFO] |     |  +- org.springframework.security:spring-security-config:jar:3.1.4.RELEASE:compile (version managed from 3.1.3.RELEASE)
[INFO] |     |  +- org.springframework.security:spring-security-web:jar:3.1.4.RELEASE:compile (version managed from 3.1.3.RELEASE)
[INFO] |     |  |  \- org.springframework:spring-jdbc:jar:3.2.10.RELEASE:compile (version managed from 3.0.7.RELEASE)
[INFO] |     |  \- org.codehaus.jackson:jackson-mapper-asl:jar:1.9.2:compile
[INFO] |     |     \- org.codehaus.jackson:jackson-core-asl:jar:1.9.2:compile
[INFO] |     +- com.nimbusds:nimbus-jose-jwt:jar:2.17.2:compile
[INFO] |     |  +- net.jcip:jcip-annotations:jar:1.0:compile
[INFO] |     |  +- net.minidev:json-smart:jar:1.1.1:compile
[INFO] |     |  +- javax.mail:mail:jar:1.4.7:compile
[INFO] |     |  |  \- javax.activation:activation:jar:1.1:compile
[INFO] |     |  \- org.bouncycastle:bcprov-jdk15on:jar:1.49:compile
[INFO] |     +- org.eclipse.persistence:javax.persistence:jar:2.0.3:compile
[INFO] |     \- com.google.code.gson:gson:jar:2.0:compile
[INFO] +- org.apache.cxf:cxf-rt-frontend-jaxrs:jar:2.7.7:compile
[INFO] |  +- org.apache.cxf:cxf-api:jar:2.7.7:compile
[INFO] |  |  +- org.codehaus.woodstox:woodstox-core-asl:jar:4.2.0:compile
[INFO] |  |  |  \- org.codehaus.woodstox:stax2-api:jar:3.1.1:compile
[INFO] |  |  +- org.apache.ws.xmlschema:xmlschema-core:jar:2.0.3:compile
[INFO] |  |  +- org.apache.geronimo.specs:geronimo-javamail_1.4_spec:jar:1.7.1:compile
[INFO] |  |  \- wsdl4j:wsdl4j:jar:1.6.3:compile
[INFO] |  +- org.apache.cxf:cxf-rt-core:jar:2.7.7:compile
[INFO] |  |  \- com.sun.xml.bind:jaxb-impl:jar:2.1.13:compile
[INFO] |  \- org.apache.cxf:cxf-rt-bindings-xml:jar:2.7.7:compile
[INFO] +- org.apache.cxf:cxf-rt-transports-http:jar:2.7.7:compile
[INFO] +- org.apache.cxf:cxf-rt-transports-http-jetty:jar:2.7.7:test
[INFO] |  +- org.eclipse.jetty:jetty-server:jar:8.1.12.v20130726:test
[INFO] |  |  +- org.eclipse.jetty:jetty-continuation:jar:8.1.12.v20130726:test
[INFO] |  |  \- org.eclipse.jetty:jetty-http:jar:8.1.12.v20130726:test
[INFO] |  |     \- org.eclipse.jetty:jetty-io:jar:8.1.12.v20130726:test
[INFO] |  |        \- org.eclipse.jetty:jetty-util:jar:8.1.12.v20130726:test
[INFO] |  +- org.eclipse.jetty:jetty-security:jar:8.1.12.v20130726:test
[INFO] |  \- org.apache.geronimo.specs:geronimo-servlet_3.0_spec:jar:1.0:test
[INFO] +- org.apache.cxf:cxf-rt-transports-local:jar:2.7.7:compile
[INFO] +- org.slf4j:slf4j-log4j12:jar:1.7.5:test
[INFO] |  \- log4j:log4j:jar:1.2.17:test
[INFO] +- net.sf.ehcache.internal:ehcache-core:jar:2.7.4:compile
[INFO] |  +- org.slf4j:slf4j-api:jar:1.7.5:compile
[INFO] |  \- org.terracotta.internal:statistics:jar:1.0.1:compile
[INFO] +- commons-collections:commons-collections:jar:3.2.1:compile
[INFO] +- commons-io:commons-io:jar:2.4:compile
[INFO] \- junit:junit:jar:4.11:test
[INFO]    \- org.hamcrest:hamcrest-core:jar:1.3:test
[INFO] ------------------------------------------------------------------------
[INFO] BUILD SUCCESS
[INFO] ------------------------------------------------------------------------
[INFO] Total time: 2.486s
[INFO] Finished at: Thu Apr 02 12:28:38 CEST 2015
[INFO] Final Memory: 13M/179M
[INFO] ------------------------------------------------------------------------
